<?xml version="1.0" encoding="utf-8"?><testsuites><testsuite name="pytest" errors="0" failures="0" skipped="0" tests="2" time="1.505" timestamp="2022-01-13T11:25:48.346050" hostname="Surface-Laptop-3"><testcase classname="tests.test_ratelimiter" name="test_ratelimiter" time="0.008" /><testcase classname="tests.test_run" name="test_run_rate_limiter" time="0.780" /></testsuite></testsuites>