<?xml version="1.0" encoding="utf-8"?><testsuites><testsuite name="pytest" errors="0" failures="0" skipped="0" tests="2" time="1.231" timestamp="2022-01-13T23:02:46.457932" hostname="Surface-Laptop-3"><testcase classname="tests.test_ratelimiter" name="test_ratelimiter" time="0.006" /><testcase classname="tests.test_run" name="test_run_rate_limiter" time="0.726" /></testsuite></testsuites>