<?xml version="1.0" encoding="utf-8"?><testsuites><testsuite name="pytest" errors="0" failures="0" skipped="0" tests="0" time="0.600" timestamp="2022-01-13T09:44:50.055903" hostname="Surface-Laptop-3" /></testsuites>
